wasted/build/intermediates/manifest_merge_blame_file/release/manifest-merger-blame-release-report.txt
1<?xml version="1.0" encoding="utf-8"?>
2<manifest xmlns:android="http://schemas.android.com/apk/res/android"
3    package="com.chaplaincy.stlukeapp"
4    android:versionCode="12"
5    android:versionName="2.0.0.0" >
6
7    <uses-sdk
8        android:minSdkVersion="22"
8-->src\main\AndroidManifest.xml
9        android:targetSdkVersion="33" />
9-->src\main\AndroidManifest.xml
10
11    <uses-permission android:name="android.permission.ACCESS_NETWORK_STATE" />
11-->src\main\AndroidManifest.xml:5:5-79
11-->src\main\AndroidManifest.xml:5:22-76
12    <uses-permission android:name="android.permission.INTERNET" />
12-->src\main\AndroidManifest.xml:6:5-67
12-->src\main\AndroidManifest.xml:6:22-64
13    <uses-permission android:name="com.google.android.gms.permission.AD_ID" />
13-->src\main\AndroidManifest.xml:7:5-79
13-->src\main\AndroidManifest.xml:7:22-76
14
15    <application
15-->src\main\AndroidManifest.xml:9:5-74:19
16        android:allowBackup="true"
16-->src\main\AndroidManifest.xml:10:9-35
17        android:appComponentFactory="androidx.core.app.CoreComponentFactory"
17-->[androidx.core:core:1.7.0] AndroidManifest.xml:24:18-86
18        android:icon="@drawable/mysplashlogo"
18-->src\main\AndroidManifest.xml:11:9-46
19        android:label="@string/app_name"
19-->src\main\AndroidManifest.xml:12:9-41
20        android:supportsRtl="true"
20-->src\main\AndroidManifest.xml:13:9-35
21        android:theme="@style/Theme.StLukeApp"
21-->src\main\AndroidManifest.xml:14:9-47
22        android:usesCleartextTraffic="true" >
22-->src\main\AndroidManifest.xml:15:9-44
23        <activity
23-->src\main\AndroidManifest.xml:17:9-19:40
24            android:name="com.chaplaincy.stlukeapp.EditNote"
24-->src\main\AndroidManifest.xml:18:13-37
25            android:exported="false" />
25-->src\main\AndroidManifest.xml:19:13-37
26        <activity
26-->src\main\AndroidManifest.xml:20:9-22:40
27            android:name="com.chaplaincy.stlukeapp.SyncingActivity"
27-->src\main\AndroidManifest.xml:21:13-44
28            android:exported="false" />
28-->src\main\AndroidManifest.xml:22:13-37
29        <activity
29-->src\main\AndroidManifest.xml:23:9-25:40
30            android:name="com.chaplaincy.stlukeapp.SignIn"
30-->src\main\AndroidManifest.xml:24:13-35
31            android:exported="false" />
31-->src\main\AndroidManifest.xml:25:13-37
32        <activity
32-->src\main\AndroidManifest.xml:26:9-28:40
33            android:name="com.chaplaincy.stlukeapp.DashboardActivities.WayOfCross"
33-->src\main\AndroidManifest.xml:27:13-59
34            android:exported="false" />
34-->src\main\AndroidManifest.xml:28:13-37
35        <activity
35-->src\main\AndroidManifest.xml:29:9-31:40
36            android:name="com.chaplaincy.stlukeapp.DashboardActivities.Order"
36-->src\main\AndroidManifest.xml:30:13-54
37            android:exported="false" />
37-->src\main\AndroidManifest.xml:31:13-37
38        <activity
38-->src\main\AndroidManifest.xml:32:9-34:40
39            android:name="com.chaplaincy.stlukeapp.DashboardActivities.Readings"
39-->src\main\AndroidManifest.xml:33:13-57
40            android:exported="false" />
40-->src\main\AndroidManifest.xml:34:13-37
41        <activity
41-->src\main\AndroidManifest.xml:35:9-37:40
42            android:name="com.chaplaincy.stlukeapp.DashboardActivities.Youtube"
42-->src\main\AndroidManifest.xml:36:13-56
43            android:exported="false" />
43-->src\main\AndroidManifest.xml:37:13-37
44        <activity
44-->src\main\AndroidManifest.xml:38:9-40:40
45            android:name="com.chaplaincy.stlukeapp.DashboardActivities.Catena"
45-->src\main\AndroidManifest.xml:39:13-55
46            android:exported="false" />
46-->src\main\AndroidManifest.xml:40:13-37
47        <activity
47-->src\main\AndroidManifest.xml:41:9-43:40
48            android:name="com.chaplaincy.stlukeapp.DashboardActivities.SingleNovena"
48-->src\main\AndroidManifest.xml:42:13-61
49            android:exported="false" />
49-->src\main\AndroidManifest.xml:43:13-37
50        <activity
50-->src\main\AndroidManifest.xml:44:9-46:40
51            android:name="com.chaplaincy.stlukeapp.DashboardActivities.Novena"
51-->src\main\AndroidManifest.xml:45:13-55
52            android:exported="false" />
52-->src\main\AndroidManifest.xml:46:13-37
53        <activity
53-->src\main\AndroidManifest.xml:47:9-49:40
54            android:name="com.chaplaincy.stlukeapp.DashboardActivities.HomeActivity"
54-->src\main\AndroidManifest.xml:48:13-61
55            android:exported="false" />
55-->src\main\AndroidManifest.xml:49:13-37
56        <activity
56-->src\main\AndroidManifest.xml:50:9-52:40
57            android:name="com.chaplaincy.stlukeapp.Login"
57-->src\main\AndroidManifest.xml:51:13-34
58            android:exported="false" />
58-->src\main\AndroidManifest.xml:52:13-37
59        <activity
59-->src\main\AndroidManifest.xml:53:9-61:20
60            android:name="com.chaplaincy.stlukeapp.splashscreen"
60-->src\main\AndroidManifest.xml:54:13-41
61            android:exported="true" >
61-->src\main\AndroidManifest.xml:55:13-36
62            <intent-filter>
62-->src\main\AndroidManifest.xml:56:13-60:29
63                <action android:name="android.intent.action.MAIN" />
63-->src\main\AndroidManifest.xml:57:17-69
63-->src\main\AndroidManifest.xml:57:25-66
64
65                <category android:name="android.intent.category.LAUNCHER" />
65-->src\main\AndroidManifest.xml:59:17-77
65-->src\main\AndroidManifest.xml:59:27-74
66            </intent-filter>
67        </activity>
68        <activity
68-->src\main\AndroidManifest.xml:62:9-64:40
69            android:name="com.chaplaincy.stlukeapp.DashboardActivities.Legion"
69-->src\main\AndroidManifest.xml:63:13-55
70            android:exported="false" />
70-->src\main\AndroidManifest.xml:64:13-37
71        <activity
71-->src\main\AndroidManifest.xml:65:9-67:40
72            android:name="com.chaplaincy.stlukeapp.DashboardActivities.Rosary"
72-->src\main\AndroidManifest.xml:66:13-55
73            android:exported="false" />
73-->src\main\AndroidManifest.xml:67:13-37
74        <activity
74-->src\main\AndroidManifest.xml:68:9-70:40
75            android:name="com.chaplaincy.stlukeapp.Fragments.Dashboard"
75-->src\main\AndroidManifest.xml:69:13-48
76            android:exported="false" />
76-->src\main\AndroidManifest.xml:70:13-37
77        <activity
77-->src\main\AndroidManifest.xml:71:9-73:40
78            android:name="com.chaplaincy.stlukeapp.DashboardActivities.Hymns"
78-->src\main\AndroidManifest.xml:72:13-54
79            android:exported="false" />
79-->src\main\AndroidManifest.xml:73:13-37
80
81        <provider
81-->[androidx.emoji2:emoji2:1.0.0] AndroidManifest.xml:26:9-34:20
82            android:name="androidx.startup.InitializationProvider"
82-->[androidx.emoji2:emoji2:1.0.0] AndroidManifest.xml:27:13-67
83            android:authorities="com.chaplaincy.stlukeapp.androidx-startup"
83-->[androidx.emoji2:emoji2:1.0.0] AndroidManifest.xml:28:13-68
84            android:exported="false" >
84-->[androidx.emoji2:emoji2:1.0.0] AndroidManifest.xml:29:13-37
85            <meta-data
85-->[androidx.emoji2:emoji2:1.0.0] AndroidManifest.xml:31:13-33:52
86                android:name="androidx.emoji2.text.EmojiCompatInitializer"
86-->[androidx.emoji2:emoji2:1.0.0] AndroidManifest.xml:32:17-75
87                android:value="androidx.startup" />
87-->[androidx.emoji2:emoji2:1.0.0] AndroidManifest.xml:33:17-49
88            <meta-data
88-->[androidx.lifecycle:lifecycle-process:2.4.0] AndroidManifest.xml:31:13-33:52
89                android:name="androidx.lifecycle.ProcessLifecycleInitializer"
89-->[androidx.lifecycle:lifecycle-process:2.4.0] AndroidManifest.xml:32:17-78
90                android:value="androidx.startup" />
90-->[androidx.lifecycle:lifecycle-process:2.4.0] AndroidManifest.xml:33:17-49
91        </provider>
92    </application>
93
94</manifest>